1335126186 0.07
1335126248 0.04
1335126311 0.03
1335126373 0.05
1335126436 0.03
1335126499 0.07
1335126561 0.02
1335126624 0.03
1335126686 0.04
1335126749 0.03
1335126811 0.04
1335126874 0.04
1335126936 0.03
1335126999 0.03
1335127062 0.03
1335127124 0.04
1335127189 0.03
1335127251 0.08
1335127314 0.08
1335127376 0.08
1335127439 0.08
1335127501 0.08
1335127564 0.08
1335127627 0.08
1335127689 0.08
1335127752 0.03
1335127814 0.04
1335127877 0.04
1335127939 0.02
1335128002 0.02
1335128064 0.06
1335128127 0.03
1335128192 0.02
